# JRE version: OpenJDK Runtime Environment AdoptOpenJDK (11.0.9.1+1) (build 11.0.9.1+1)
# Java VM: OpenJDK 64-Bit Server VM AdoptOpenJDK (11.0.9.1+1, mixed mode, tiered, compressed oops, g1 gc, windows-amd64)
Heap:
 garbage-first heap   total 279552K, used 23398K [0x0000000720c00000, 0x0000000800000000)
  region size 1024K, 15 young (15360K), 15 survivors (15360K)
 Metaspace       used 58501K, capacity 59975K, committed 60160K, reserved 1101824K
  class space    used 7317K, capacity 7915K, committed 7936K, reserved 1048576K
GC Heap History (17 events):
Event: 1.717 GC heap before
{Heap before GC invocations=0 (full 0):
 garbage-first heap   total 229376K, used 15360K [0x0000000720c00000, 0x0000000800000000)
  region size 1024K, 14 young (14336K), 0 survivors (0K)
 Metaspace       used 12607K, capacity 12994K, committed 13184K, reserved 1060864K
  class space    used 1268K, capacity 1406K, committed 1408K, reserved 1048576K
}
Event: 1.763 GC heap after
{Heap after GC invocations=1 (full 0):
 garbage-first heap   total 229376K, used 6586K [0x0000000720c00000, 0x0000000800000000)
  region size 1024K, 2 young (2048K), 2 survivors (2048K)
 Metaspace       used 12607K, capacity 12994K, committed 13184K, reserved 1060864K
  class space    used 1268K, capacity 1406K, committed 1408K, reserved 1048576K
}
Event: 2.094 GC heap before
{Heap before GC invocations=1 (full 0):
 garbage-first heap   total 229376K, used 15802K [0x0000000720c00000, 0x0000000800000000)
  region size 1024K, 11 young (11264K), 2 survivors (2048K)
 Metaspace       used 14792K, capacity 15158K, committed 15232K, reserved 1062912K
  class space    used 1485K, capacity 1617K, committed 1664K, reserved 1048576K
}
Event: 2.098 GC heap after
{Heap after GC invocations=2 (full 0):
 garbage-first heap   total 229376K, used 7554K [0x0000000720c00000, 0x0000000800000000)
  region size 1024K, 1 young (1024K), 1 survivors (1024K)
 Metaspace       used 14792K, capacity 15158K, committed 15232K, reserved 1062912K
  class space    used 1485K, capacity 1617K, committed 1664K, reserved 1048576K
}
Event: 2.300 GC heap before
{Heap before GC invocations=2 (full 0):
 garbage-first heap   total 229376K, used 29058K [0x0000000720c00000, 0x0000000800000000)
  region size 1024K, 23 young (23552K), 1 survivors (1024K)
 Metaspace       used 15968K, capacity 16380K, committed 16640K, reserved 1064960K
  class space    used 1629K, capacity 1770K, committed 1792K, reserved 1048576K
}
Event: 2.303 GC heap after
{Heap after GC invocations=3 (full 0):
 garbage-first heap   total 229376K, used 7886K [0x0000000720c00000, 0x0000000800000000)
  region size 1024K, 2 young (2048K), 2 survivors (2048K)
 Metaspace       used 15968K, capacity 16380K, committed 16640K, reserved 1064960K
  class space    used 1629K, capacity 1770K, committed 1792K, reserved 1048576K
}
Event: 2.566 GC heap before
{Heap before GC invocations=3 (full 0):
 garbage-first heap   total 229376K, used 41678K [0x0000000720c00000, 0x0000000800000000)
  region size 1024K, 36 young (36864K), 2 survivors (2048K)
 Metaspace       used 16971K, capacity 17491K, committed 17664K, reserved 1064960K
  class space    used 1775K, capacity 1954K, committed 2048K, reserved 1048576K
}
Event: 2.570 GC heap after
{Heap after GC invocations=4 (full 0):
 garbage-first heap   total 229376K, used 8172K [0x0000000720c00000, 0x0000000800000000)
  region size 1024K, 2 young (2048K), 2 survivors (2048K)
 Metaspace       used 16971K, capacity 17491K, committed 17664K, reserved 1064960K
  class space    used 1775K, capacity 1954K, committed 2048K, reserved 1048576K
}
Event: 3.129 GC heap before
{Heap before GC invocations=4 (full 0):
 garbage-first heap   total 229376K, used 28652K [0x0000000720c00000, 0x0000000800000000)
  region size 1024K, 23 young (23552K), 2 survivors (2048K)
 Metaspace       used 20539K, capacity 21114K, committed 21248K, reserved 1069056K
  class space    used 2257K, capacity 2486K, committed 2560K, reserved 1048576K
}
Event: 3.134 GC heap after
{Heap after GC invocations=5 (full 0):
 garbage-first heap   total 229376K, used 9276K [0x0000000720c00000, 0x0000000800000000)
  region size 1024K, 3 young (3072K), 3 survivors (3072K)
 Metaspace       used 20539K, capacity 21114K, committed 21248K, reserved 1069056K
  class space    used 2257K, capacity 2486K, committed 2560K, reserved 1048576K
}
Event: 5.238 GC heap before
{Heap before GC invocations=6 (full 0):
 garbage-first heap   total 229376K, used 142396K [0x0000000720c00000, 0x0000000800000000)
  region size 1024K, 134 young (137216K), 3 survivors (3072K)
 Metaspace       used 32332K, capacity 33299K, committed 33408K, reserved 1079296K
  class space    used 3787K, capacity 4180K, committed 4224K, reserved 1048576K
}
Event: 5.250 GC heap after
{Heap after GC invocations=7 (full 0):
 garbage-first heap   total 229376K, used 12777K [0x0000000720c00000, 0x0000000800000000)
  region size 1024K, 6 young (6144K), 6 survivors (6144K)
 Metaspace       used 32332K, capacity 33299K, committed 33408K, reserved 1079296K
  class space    used 3787K, capacity 4180K, committed 4224K, reserved 1048576K
}
Event: 6.183 GC heap before
{Heap before GC invocations=7 (full 0):
 garbage-first heap   total 229376K, used 46569K [0x0000000720c00000, 0x0000000800000000)
  region size 1024K, 40 young (40960K), 6 survivors (6144K)
 Metaspace       used 34825K, capacity 35744K, committed 35840K, reserved 1081344K
  class space    used 4122K, capacity 4521K, committed 4608K, reserved 1048576K
}
Event: 6.200 GC heap after
{Heap after GC invocations=8 (full 0):
 garbage-first heap   total 229376K, used 13792K [0x0000000720c00000, 0x0000000800000000)
  region size 1024K, 7 young (7168K), 7 survivors (7168K)
 Metaspace       used 34825K, capacity 35744K, committed 35840K, reserved 1081344K
  class space    used 4122K, capacity 4521K, committed 4608K, reserved 1048576K
}
Event: 9.043 GC heap before
{Heap before GC invocations=9 (full 0):
 garbage-first heap   total 229376K, used 142816K [0x0000000720c00000, 0x0000000800000000)
  region size 1024K, 134 young (137216K), 7 survivors (7168K)
 Metaspace       used 41752K, capacity 42997K, committed 43264K, reserved 1087488K
  class space    used 5045K, capacity 5542K, committed 5632K, reserved 1048576K
}
Event: 9.060 GC heap after
{Heap after GC invocations=10 (full 0):
 garbage-first heap   total 229376K, used 17841K [0x0000000720c00000, 0x0000000800000000)
  region size 1024K, 11 young (11264K), 11 survivors (11264K)
 Metaspace       used 41752K, capacity 42997K, committed 43264K, reserved 1087488K
  class space    used 5045K, capacity 5542K, committed 5632K, reserved 1048576K
}
Event: 17.889 GC heap before
{Heap before GC invocations=10 (full 0):
 garbage-first heap   total 229376K, used 124337K [0x0000000720c00000, 0x0000000800000000)
  region size 1024K, 117 young (119808K), 11 survivors (11264K)
 Metaspace       used 58501K, capacity 59975K, committed 60160K, reserved 1101824K
  class space    used 7317K, capacity 7915K, committed 7936K, reserved 1048576K
}

