# JRE version: OpenJDK Runtime Environment Temurin-17.0.2+8 (17.0.2+8) (build 17.0.2+8)
# Java VM: OpenJDK 64-Bit Server VM Temurin-17.0.2+8 (17.0.2+8, mixed mode, tiered, compressed oops, compressed class ptrs, parallel gc, windows-amd64)
GC Precious Log:
 CPUs: 4 total, 4 available
 Memory: 14282M
 Large Page Support: Disabled
 NUMA Support: Disabled
 Compressed Oops: Enabled (32-bit)
 Alignments: Space 512K, Generation 512K, Heap 2M
 Heap Min Capacity: 100M
 Heap Initial Capacity: 100M
 Heap Max Capacity: 1G
 Pre-touch: Disabled
 Parallel Workers: 4
Heap:
 PSYoungGen      total 4608K, used 2333K [0x00000000eab00000, 0x00000000eb000000, 0x0000000100000000)
  eden space 4096K, 46% used [0x00000000eab00000,0x00000000eacdf418,0x00000000eaf00000)
  from space 512K, 81% used [0x00000000eaf80000,0x00000000eafe8000,0x00000000eb000000)
  to   space 512K, 0% used [0x00000000eaf00000,0x00000000eaf00000,0x00000000eaf80000)
 ParOldGen       total 180224K, used 141590K [0x00000000c0000000, 0x00000000cb000000, 0x00000000eab00000)
  object space 180224K, 78% used [0x00000000c0000000,0x00000000c8a45890,0x00000000cb000000)
 Metaspace       used 93289K, committed 94400K, reserved 1138688K
  class space    used 9144K, committed 9664K, reserved 1048576K
GC Heap History (20 events):
Event: 110301.824 GC heap before
{Heap before GC invocations=8880 (full 249):
 PSYoungGen      total 3584K, used 3424K [0x00000000eab00000, 0x00000000eb000000, 0x0000000100000000)
  eden space 3072K, 100% used [0x00000000eab00000,0x00000000eae00000,0x00000000eae00000)
  from space 512K, 68% used [0x00000000eae80000,0x00000000eaed8020,0x00000000eaf00000)
  to   space 512K, 0% used [0x00000000eae00000,0x00000000eae00000,0x00000000eae80000)
 ParOldGen       total 180224K, used 139602K [0x00000000c0000000, 0x00000000cb000000, 0x00000000eab00000)
  object space 180224K, 77% used [0x00000000c0000000,0x00000000c8854a50,0x00000000cb000000)
 Metaspace       used 93278K, committed 94400K, reserved 1138688K
  class space    used 9144K, committed 9664K, reserved 1048576K
}
Event: 110301.825 GC heap after
{Heap after GC invocations=8880 (full 249):
 PSYoungGen      total 3584K, used 320K [0x00000000eab00000, 0x00000000eb000000, 0x0000000100000000)
  eden space 3072K, 0% used [0x00000000eab00000,0x00000000eab00000,0x00000000eae00000)
  from space 512K, 62% used [0x00000000eae00000,0x00000000eae50000,0x00000000eae80000)
  to   space 512K, 0% used [0x00000000eaf80000,0x00000000eaf80000,0x00000000eb000000)
 ParOldGen       total 180224K, used 139874K [0x00000000c0000000, 0x00000000cb000000, 0x00000000eab00000)
  object space 180224K, 77% used [0x00000000c0000000,0x00000000c8898a70,0x00000000cb000000)
 Metaspace       used 93278K, committed 94400K, reserved 1138688K
  class space    used 9144K, committed 9664K, reserved 1048576K
}
Event: 110301.835 GC heap before
{Heap before GC invocations=8881 (full 249):
 PSYoungGen      total 3584K, used 3392K [0x00000000eab00000, 0x00000000eb000000, 0x0000000100000000)
  eden space 3072K, 100% used [0x00000000eab00000,0x00000000eae00000,0x00000000eae00000)
  from space 512K, 62% used [0x00000000eae00000,0x00000000eae50000,0x00000000eae80000)
  to   space 512K, 0% used [0x00000000eaf80000,0x00000000eaf80000,0x00000000eb000000)
 ParOldGen       total 180224K, used 139874K [0x00000000c0000000, 0x00000000cb000000, 0x00000000eab00000)
  object space 180224K, 77% used [0x00000000c0000000,0x00000000c8898a70,0x00000000cb000000)
 Metaspace       used 93278K, committed 94400K, reserved 1138688K
  class space    used 9144K, committed 9664K, reserved 1048576K
}
Event: 110301.836 GC heap after
{Heap after GC invocations=8881 (full 249):
 PSYoungGen      total 4608K, used 256K [0x00000000eab00000, 0x00000000eb000000, 0x0000000100000000)
  eden space 4096K, 0% used [0x00000000eab00000,0x00000000eab00000,0x00000000eaf00000)
  from space 512K, 50% used [0x00000000eaf80000,0x00000000eafc0000,0x00000000eb000000)
  to   space 512K, 0% used [0x00000000eaf00000,0x00000000eaf00000,0x00000000eaf80000)
 ParOldGen       total 180224K, used 140121K [0x00000000c0000000, 0x00000000cb000000, 0x00000000eab00000)
  object space 180224K, 77% used [0x00000000c0000000,0x00000000c88d6770,0x00000000cb000000)
 Metaspace       used 93278K, committed 94400K, reserved 1138688K
  class space    used 9144K, committed 9664K, reserved 1048576K
}
Event: 110301.879 GC heap before
{Heap before GC invocations=8882 (full 249):
 PSYoungGen      total 4608K, used 4352K [0x00000000eab00000, 0x00000000eb000000, 0x0000000100000000)
  eden space 4096K, 100% used [0x00000000eab00000,0x00000000eaf00000,0x00000000eaf00000)
  from space 512K, 50% used [0x00000000eaf80000,0x00000000eafc0000,0x00000000eb000000)
  to   space 512K, 0% used [0x00000000eaf00000,0x00000000eaf00000,0x00000000eaf80000)
 ParOldGen       total 180224K, used 140121K [0x00000000c0000000, 0x00000000cb000000, 0x00000000eab00000)
  object space 180224K, 77% used [0x00000000c0000000,0x00000000c88d6770,0x00000000cb000000)
 Metaspace       used 93278K, committed 94400K, reserved 1138688K
  class space    used 9144K, committed 9664K, reserved 1048576K
}
Event: 110301.881 GC heap after
{Heap after GC invocations=8882 (full 249):
 PSYoungGen      total 4608K, used 224K [0x00000000eab00000, 0x00000000eb000000, 0x0000000100000000)
  eden space 4096K, 0% used [0x00000000eab00000,0x00000000eab00000,0x00000000eaf00000)
  from space 512K, 43% used [0x00000000eaf00000,0x00000000eaf38000,0x00000000eaf80000)
  to   space 512K, 0% used [0x00000000eaf80000,0x00000000eaf80000,0x00000000eb000000)
 ParOldGen       total 180224K, used 140341K [0x00000000c0000000, 0x00000000cb000000, 0x00000000eab00000)
  object space 180224K, 77% used [0x00000000c0000000,0x00000000c890d780,0x00000000cb000000)
 Metaspace       used 93278K, committed 94400K, reserved 1138688K
  class space    used 9144K, committed 9664K, reserved 1048576K
}
Event: 110302.166 GC heap before
{Heap before GC invocations=8883 (full 249):
 PSYoungGen      total 4608K, used 4320K [0x00000000eab00000, 0x00000000eb000000, 0x0000000100000000)
  eden space 4096K, 100% used [0x00000000eab00000,0x00000000eaf00000,0x00000000eaf00000)
  from space 512K, 43% used [0x00000000eaf00000,0x00000000eaf38000,0x00000000eaf80000)
  to   space 512K, 0% used [0x00000000eaf80000,0x00000000eaf80000,0x00000000eb000000)
 ParOldGen       total 180224K, used 140341K [0x00000000c0000000, 0x00000000cb000000, 0x00000000eab00000)
  object space 180224K, 77% used [0x00000000c0000000,0x00000000c890d780,0x00000000cb000000)
 Metaspace       used 93278K, committed 94400K, reserved 1138688K
  class space    used 9144K, committed 9664K, reserved 1048576K
}
Event: 110302.167 GC heap after
{Heap after GC invocations=8883 (full 249):
 PSYoungGen      total 4608K, used 96K [0x00000000eab00000, 0x00000000eb000000, 0x0000000100000000)
  eden space 4096K, 0% used [0x00000000eab00000,0x00000000eab00000,0x00000000eaf00000)
  from space 512K, 18% used [0x00000000eaf80000,0x00000000eaf98000,0x00000000eb000000)
  to   space 512K, 0% used [0x00000000eaf00000,0x00000000eaf00000,0x00000000eaf80000)
 ParOldGen       total 180224K, used 140485K [0x00000000c0000000, 0x00000000cb000000, 0x00000000eab00000)
  object space 180224K, 77% used [0x00000000c0000000,0x00000000c8931790,0x00000000cb000000)
 Metaspace       used 93278K, committed 94400K, reserved 1138688K
  class space    used 9144K, committed 9664K, reserved 1048576K
}
Event: 110319.305 GC heap before
{Heap before GC invocations=8884 (full 249):
 PSYoungGen      total 4608K, used 4192K [0x00000000eab00000, 0x00000000eb000000, 0x0000000100000000)
  eden space 4096K, 100% used [0x00000000eab00000,0x00000000eaf00000,0x00000000eaf00000)
  from space 512K, 18% used [0x00000000eaf80000,0x00000000eaf98000,0x00000000eb000000)
  to   space 512K, 0% used [0x00000000eaf00000,0x00000000eaf00000,0x00000000eaf80000)
 ParOldGen       total 180224K, used 140485K [0x00000000c0000000, 0x00000000cb000000, 0x00000000eab00000)
  object space 180224K, 77% used [0x00000000c0000000,0x00000000c8931790,0x00000000cb000000)
 Metaspace       used 93282K, committed 94400K, reserved 1138688K
  class space    used 9144K, committed 9664K, reserved 1048576K
}
Event: 110319.306 GC heap after
{Heap after GC invocations=8884 (full 249):
 PSYoungGen      total 4608K, used 400K [0x00000000eab00000, 0x00000000eb000000, 0x0000000100000000)
  eden space 4096K, 0% used [0x00000000eab00000,0x00000000eab00000,0x00000000eaf00000)
  from space 512K, 78% used [0x00000000eaf00000,0x00000000eaf64040,0x00000000eaf80000)
  to   space 512K, 0% used [0x00000000eaf80000,0x00000000eaf80000,0x00000000eb000000)
 ParOldGen       total 180224K, used 140525K [0x00000000c0000000, 0x00000000cb000000, 0x00000000eab00000)
  object space 180224K, 77% used [0x00000000c0000000,0x00000000c893b790,0x00000000cb000000)
 Metaspace       used 93282K, committed 94400K, reserved 1138688K
  class space    used 9144K, committed 9664K, reserved 1048576K
}
Event: 110319.526 GC heap before
{Heap before GC invocations=8885 (full 249):
 PSYoungGen      total 4608K, used 4476K [0x00000000eab00000, 0x00000000eb000000, 0x0000000100000000)
  eden space 4096K, 99% used [0x00000000eab00000,0x00000000eaefb0c8,0x00000000eaf00000)
  from space 512K, 78% used [0x00000000eaf00000,0x00000000eaf64040,0x00000000eaf80000)
  to   space 512K, 0% used [0x00000000eaf80000,0x00000000eaf80000,0x00000000eb000000)
 ParOldGen       total 180224K, used 140525K [0x00000000c0000000, 0x00000000cb000000, 0x00000000eab00000)
  object space 180224K, 77% used [0x00000000c0000000,0x00000000c893b790,0x00000000cb000000)
 Metaspace       used 93282K, committed 94400K, reserved 1138688K
  class space    used 9144K, committed 9664K, reserved 1048576K
}
Event: 110319.527 GC heap after
{Heap after GC invocations=8885 (full 249):
 PSYoungGen      total 4608K, used 128K [0x00000000eab00000, 0x00000000eb000000, 0x0000000100000000)
  eden space 4096K, 0% used [0x00000000eab00000,0x00000000eab00000,0x00000000eaf00000)
  from space 512K, 25% used [0x00000000eaf80000,0x00000000eafa0000,0x00000000eb000000)
  to   space 512K, 0% used [0x00000000eaf00000,0x00000000eaf00000,0x00000000eaf80000)
 ParOldGen       total 180224K, used 140830K [0x00000000c0000000, 0x00000000cb000000, 0x00000000eab00000)
  object space 180224K, 78% used [0x00000000c0000000,0x00000000c8987890,0x00000000cb000000)
 Metaspace       used 93282K, committed 94400K, reserved 1138688K
  class space    used 9144K, committed 9664K, reserved 1048576K
}
Event: 110319.570 GC heap before
{Heap before GC invocations=8886 (full 249):
 PSYoungGen      total 4608K, used 3946K [0x00000000eab00000, 0x00000000eb000000, 0x0000000100000000)
  eden space 4096K, 93% used [0x00000000eab00000,0x00000000eaebab80,0x00000000eaf00000)
  from space 512K, 25% used [0x00000000eaf80000,0x00000000eafa0000,0x00000000eb000000)
  to   space 512K, 0% used [0x00000000eaf00000,0x00000000eaf00000,0x00000000eaf80000)
 ParOldGen       total 180224K, used 140830K [0x00000000c0000000, 0x00000000cb000000, 0x00000000eab00000)
  object space 180224K, 78% used [0x00000000c0000000,0x00000000c8987890,0x00000000cb000000)
 Metaspace       used 93282K, committed 94400K, reserved 1138688K
  class space    used 9144K, committed 9664K, reserved 1048576K
}
Event: 110319.571 GC heap after
{Heap after GC invocations=8886 (full 249):
 PSYoungGen      total 4608K, used 288K [0x00000000eab00000, 0x00000000eb000000, 0x0000000100000000)
  eden space 4096K, 0% used [0x00000000eab00000,0x00000000eab00000,0x00000000eaf00000)
  from space 512K, 56% used [0x00000000eaf00000,0x00000000eaf48000,0x00000000eaf80000)
  to   space 512K, 0% used [0x00000000eaf80000,0x00000000eaf80000,0x00000000eb000000)
 ParOldGen       total 180224K, used 140862K [0x00000000c0000000, 0x00000000cb000000, 0x00000000eab00000)
  object space 180224K, 78% used [0x00000000c0000000,0x00000000c898f890,0x00000000cb000000)
 Metaspace       used 93282K, committed 94400K, reserved 1138688K
  class space    used 9144K, committed 9664K, reserved 1048576K
}
Event: 110319.601 GC heap before
{Heap before GC invocations=8887 (full 249):
 PSYoungGen      total 4608K, used 4174K [0x00000000eab00000, 0x00000000eb000000, 0x0000000100000000)
  eden space 4096K, 94% used [0x00000000eab00000,0x00000000eaecb808,0x00000000eaf00000)
  from space 512K, 56% used [0x00000000eaf00000,0x00000000eaf48000,0x00000000eaf80000)
  to   space 512K, 0% used [0x00000000eaf80000,0x00000000eaf80000,0x00000000eb000000)
 ParOldGen       total 180224K, used 140862K [0x00000000c0000000, 0x00000000cb000000, 0x00000000eab00000)
  object space 180224K, 78% used [0x00000000c0000000,0x00000000c898f890,0x00000000cb000000)
 Metaspace       used 93286K, committed 94400K, reserved 1138688K
  class space    used 9144K, committed 9664K, reserved 1048576K
}
Event: 110319.602 GC heap after
{Heap after GC invocations=8887 (full 249):
 PSYoungGen      total 4608K, used 256K [0x00000000eab00000, 0x00000000eb000000, 0x0000000100000000)
  eden space 4096K, 0% used [0x00000000eab00000,0x00000000eab00000,0x00000000eaf00000)
  from space 512K, 50% used [0x00000000eaf80000,0x00000000eafc0000,0x00000000eb000000)
  to   space 512K, 0% used [0x00000000eaf00000,0x00000000eaf00000,0x00000000eaf80000)
 ParOldGen       total 180224K, used 141094K [0x00000000c0000000, 0x00000000cb000000, 0x00000000eab00000)
  object space 180224K, 78% used [0x00000000c0000000,0x00000000c89c9890,0x00000000cb000000)
 Metaspace       used 93286K, committed 94400K, reserved 1138688K
  class space    used 9144K, committed 9664K, reserved 1048576K
}
Event: 110319.628 GC heap before
{Heap before GC invocations=8888 (full 249):
 PSYoungGen      total 4608K, used 4352K [0x00000000eab00000, 0x00000000eb000000, 0x0000000100000000)
  eden space 4096K, 100% used [0x00000000eab00000,0x00000000eaf00000,0x00000000eaf00000)
  from space 512K, 50% used [0x00000000eaf80000,0x00000000eafc0000,0x00000000eb000000)
  to   space 512K, 0% used [0x00000000eaf00000,0x00000000eaf00000,0x00000000eaf80000)
 ParOldGen       total 180224K, used 141094K [0x00000000c0000000, 0x00000000cb000000, 0x00000000eab00000)
  object space 180224K, 78% used [0x00000000c0000000,0x00000000c89c9890,0x00000000cb000000)
 Metaspace       used 93288K, committed 94400K, reserved 1138688K
  class space    used 9144K, committed 9664K, reserved 1048576K
}
Event: 110319.629 GC heap after
{Heap after GC invocations=8888 (full 249):
 PSYoungGen      total 4608K, used 320K [0x00000000eab00000, 0x00000000eb000000, 0x0000000100000000)
  eden space 4096K, 0% used [0x00000000eab00000,0x00000000eab00000,0x00000000eaf00000)
  from space 512K, 62% used [0x00000000eaf00000,0x00000000eaf50000,0x00000000eaf80000)
  to   space 512K, 0% used [0x00000000eaf80000,0x00000000eaf80000,0x00000000eb000000)
 ParOldGen       total 180224K, used 141286K [0x00000000c0000000, 0x00000000cb000000, 0x00000000eab00000)
  object space 180224K, 78% used [0x00000000c0000000,0x00000000c89f9890,0x00000000cb000000)
 Metaspace       used 93288K, committed 94400K, reserved 1138688K
  class space    used 9144K, committed 9664K, reserved 1048576K
}
Event: 110319.753 GC heap before
{Heap before GC invocations=8889 (full 249):
 PSYoungGen      total 4608K, used 4416K [0x00000000eab00000, 0x00000000eb000000, 0x0000000100000000)
  eden space 4096K, 100% used [0x00000000eab00000,0x00000000eaf00000,0x00000000eaf00000)
  from space 512K, 62% used [0x00000000eaf00000,0x00000000eaf50000,0x00000000eaf80000)
  to   space 512K, 0% used [0x00000000eaf80000,0x00000000eaf80000,0x00000000eb000000)
 ParOldGen       total 180224K, used 141286K [0x00000000c0000000, 0x00000000cb000000, 0x00000000eab00000)
  object space 180224K, 78% used [0x00000000c0000000,0x00000000c89f9890,0x00000000cb000000)
 Metaspace       used 93289K, committed 94400K, reserved 1138688K
  class space    used 9144K, committed 9664K, reserved 1048576K
}
Event: 110319.755 GC heap after
{Heap after GC invocations=8889 (full 249):
 PSYoungGen      total 4608K, used 416K [0x00000000eab00000, 0x00000000eb000000, 0x0000000100000000)
  eden space 4096K, 0% used [0x00000000eab00000,0x00000000eab00000,0x00000000eaf00000)
  from space 512K, 81% used [0x00000000eaf80000,0x00000000eafe8000,0x00000000eb000000)
  to   space 512K, 0% used [0x00000000eaf00000,0x00000000eaf00000,0x00000000eaf80000)
 ParOldGen       total 180224K, used 141590K [0x00000000c0000000, 0x00000000cb000000, 0x00000000eab00000)
  object space 180224K, 78% used [0x00000000c0000000,0x00000000c8a45890,0x00000000cb000000)
 Metaspace       used 93289K, committed 94400K, reserved 1138688K
  class space    used 9144K, committed 9664K, reserved 1048576K
}

